<?xml version="1.0" encoding="UTF-8"?>
<!-- Generated by org.testng.reporters.JUnitReportReporter -->
<testsuite hostname="K10185" failures="0" tests="2" name="com.tmb.tests.CreateUserTest" time="11.340" errors="0" timestamp="2022-05-16T12:44:58 IST" skipped="0">
  <testcase classname="com.tmb.tests.CreateUserTest" name="createUserTest" time="10.792"/>
  <system-out/>
  <testcase classname="com.tmb.tests.CreateUserTest" name="createUserTest" time="0.548"/>
  <system-out/>
</testsuite> <!-- com.tmb.tests.CreateUserTest -->
