<?xml version="1.0" encoding="UTF-8"?>
<!-- Generated by org.testng.reporters.JUnitReportReporter -->
<testsuite hostname="K10185" failures="0" tests="2" name="com.tmb.tests.CreateUserTest" time="5.009" errors="0" timestamp="2022-05-17T15:24:47 IST" skipped="0">
  <testcase classname="com.tmb.tests.CreateUserTest" name="createUserTest" time="0.397"/>
  <system-out/>
  <testcase classname="com.tmb.tests.CreateUserTest" name="createUserTest" time="4.612"/>
  <system-out/>
</testsuite> <!-- com.tmb.tests.CreateUserTest -->
