<?xml version="1.0" encoding="UTF-8"?>
<!-- Generated by org.testng.reporters.JUnitReportReporter -->
<testsuite hostname="K10185" failures="0" tests="1" name="com.tmb.tests.CreateUserTest" time="0.000" errors="0" timestamp="2022-05-19T21:54:09 IST" skipped="1">
  <testcase classname="com.tmb.tests.CreateUserTest" name="createUserTest" time="0.000">
    <skipped/>
  </testcase> <!-- createUserTest -->
  <system-out/>
</testsuite> <!-- com.tmb.tests.CreateUserTest -->
