<?xml version="1.0" encoding="UTF-8"?>
<!-- Generated by org.testng.reporters.JUnitReportReporter -->
<testsuite hostname="K10185" failures="0" tests="2" name="com.tmb.tests.CreateUserTest" time="3.612" errors="0" timestamp="2022-05-19T17:36:16 IST" skipped="0">
  <testcase classname="com.tmb.tests.CreateUserTest" name="createUserTest" time="3.226"/>
  <system-out/>
  <testcase classname="com.tmb.tests.CreateUserTest" name="createUserTest" time="0.386"/>
  <system-out/>
</testsuite> <!-- com.tmb.tests.CreateUserTest -->
