<?xml version="1.0" encoding="UTF-8"?>
<!-- Generated by org.testng.reporters.JUnitReportReporter -->
<testsuite hostname="K10185" failures="0" tests="2" name="com.tmb.tests.CreateUserTest" time="5.534" errors="0" timestamp="2022-05-14T18:48:38 IST" skipped="0">
  <testcase classname="com.tmb.tests.CreateUserTest" name="createUserTest" time="0.435"/>
  <system-out/>
  <testcase classname="com.tmb.tests.CreateUserTest" name="createUserTest" time="5.099"/>
  <system-out/>
</testsuite> <!-- com.tmb.tests.CreateUserTest -->
